<?xml version="1.0" encoding="UTF-8"?>
<!-- Generated by org.testng.reporters.JUnitXMLReporter -->
<testsuite hostname="GURU" ignored="0" name="Surefire test" tests="4" failures="0" timestamp="23 Jun 2019 17:29:52 GMT" time="0.091" errors="0">
  <testcase name="method1" time="0.016" classname="SeleniumProject.Class1Test"/>
  <testcase name="method2" time="0.001" classname="SeleniumProject.Class1Test"/>
  <testcase name="method3" time="0.0" classname="SeleniumProject.Class2Test"/>
  <testcase name="method4" time="0.003" classname="SeleniumProject.Class2Test"/>
</testsuite> <!-- Surefire test -->
