<?xml version="1.0" encoding="UTF-8"?>
<testng-results skipped="0" failed="0" ignored="0" total="4" passed="4">
  <reporter-output>
  </reporter-output>
  <suite name="Surefire suite" duration-ms="91" started-at="2019-06-23T17:29:52Z" finished-at="2019-06-23T17:29:52Z">
    <groups>
    </groups>
    <test name="Surefire test" duration-ms="91" started-at="2019-06-23T17:29:52Z" finished-at="2019-06-23T17:29:52Z">
      <class name="SeleniumProject.Class1Test">
        <test-method status="PASS" signature="method1()[pri:0, instance:SeleniumProject.Class1Test@17550481]" name="method1" duration-ms="16" started-at="2019-06-23T17:29:52Z" finished-at="2019-06-23T17:29:52Z">
          <reporter-output>
          </reporter-output>
        </test-method> <!-- method1 -->
        <test-method status="PASS" signature="method2()[pri:0, instance:SeleniumProject.Class1Test@17550481]" name="method2" duration-ms="1" started-at="2019-06-23T17:29:52Z" finished-at="2019-06-23T17:29:52Z">
          <reporter-output>
          </reporter-output>
        </test-method> <!-- method2 -->
      </class> <!-- SeleniumProject.Class1Test -->
      <class name="SeleniumProject.Class2Test">
        <test-method status="PASS" signature="method3()[pri:0, instance:SeleniumProject.Class2Test@735f7ae5]" name="method3" duration-ms="0" started-at="2019-06-23T17:29:52Z" finished-at="2019-06-23T17:29:52Z">
          <reporter-output>
          </reporter-output>
        </test-method> <!-- method3 -->
        <test-method status="PASS" signature="method4()[pri:0, instance:SeleniumProject.Class2Test@735f7ae5]" name="method4" duration-ms="3" started-at="2019-06-23T17:29:52Z" finished-at="2019-06-23T17:29:52Z">
          <reporter-output>
          </reporter-output>
        </test-method> <!-- method4 -->
      </class> <!-- SeleniumProject.Class2Test -->
    </test> <!-- Surefire test -->
  </suite> <!-- Surefire suite -->
</testng-results>
