<?xml version="1.0" encoding="UTF-8"?>
<!-- Generated by org.testng.reporters.JUnitXMLReporter -->
<testsuite hostname="GURU" ignored="0" name="Test" tests="4" failures="0" timestamp="25 Jun 2019 04:41:25 GMT" time="0.1" errors="0">
  <testcase name="method3" time="0.031" classname="SeleniumProject.Class2Test"/>
  <testcase name="method4" time="0.0" classname="SeleniumProject.Class2Test"/>
  <testcase name="method1" time="0.0" classname="SeleniumProject.Class1Test"/>
  <testcase name="method2" time="0.0" classname="SeleniumProject.Class1Test"/>
</testsuite> <!-- Test -->
