<?xml version="1.0" encoding="UTF-8"?>
<testng-results skipped="0" failed="0" ignored="0" total="4" passed="4">
  <reporter-output>
  </reporter-output>
  <suite name="Suite" duration-ms="100" started-at="2019-06-25T04:41:25Z" finished-at="2019-06-25T04:41:25Z">
    <groups>
    </groups>
    <test name="Test" duration-ms="100" started-at="2019-06-25T04:41:25Z" finished-at="2019-06-25T04:41:25Z">
      <class name="SeleniumProject.Class1Test">
        <test-method status="PASS" signature="method1()[pri:0, instance:SeleniumProject.Class1Test@3b81a1bc]" name="method1" duration-ms="0" started-at="2019-06-25T04:41:25Z" finished-at="2019-06-25T04:41:25Z">
          <reporter-output>
          </reporter-output>
        </test-method> <!-- method1 -->
        <test-method status="PASS" signature="method2()[pri:0, instance:SeleniumProject.Class1Test@3b81a1bc]" name="method2" duration-ms="0" started-at="2019-06-25T04:41:25Z" finished-at="2019-06-25T04:41:25Z">
          <reporter-output>
          </reporter-output>
        </test-method> <!-- method2 -->
      </class> <!-- SeleniumProject.Class1Test -->
      <class name="SeleniumProject.Class2Test">
        <test-method status="PASS" signature="method3()[pri:0, instance:SeleniumProject.Class2Test@5f2050f6]" name="method3" duration-ms="31" started-at="2019-06-25T04:41:25Z" finished-at="2019-06-25T04:41:25Z">
          <reporter-output>
          </reporter-output>
        </test-method> <!-- method3 -->
        <test-method status="PASS" signature="method4()[pri:0, instance:SeleniumProject.Class2Test@5f2050f6]" name="method4" duration-ms="0" started-at="2019-06-25T04:41:25Z" finished-at="2019-06-25T04:41:25Z">
          <reporter-output>
          </reporter-output>
        </test-method> <!-- method4 -->
      </class> <!-- SeleniumProject.Class2Test -->
    </test> <!-- Test -->
  </suite> <!-- Suite -->
</testng-results>
